<component name="libraryTable">
  <library name="junit">
    <CLASSES>
      <root url="jar://$USER_HOME$/IdeaProjects/Artifacts/Libs/junit-4.10.jar!/" />
      <root url="jar://$USER_HOME$/IdeaProjects/Artifacts/Libs/hamcrest-core-1.3.jar!/" />
      <root url="jar://$USER_HOME$/IdeaProjects/Artifacts/Libs/appengine-java-sdk-1.9.10/lib/testing/appengine-testing.jar!/" />
      <root url="file://$USER_HOME$/IdeaProjects/Artifacts/Libs/mockito" />
    </CLASSES>
    <JAVADOC>
      <root url="file://$USER_HOME$/IdeaProjects/Artifacts/Libs/mockito/javadoc" />
    </JAVADOC>
    <SOURCES>
      <root url="jar://$USER_HOME$/IdeaProjects/Artifacts/Libs/appengine-java-sdk-1.9.10/lib/testing/appengine-testing.jar!/com/google/appengine/repackaged/com/google/common/base/super" />
      <root url="file://$USER_HOME$/IdeaProjects/Artifacts/Libs/mockito" />
    </SOURCES>
    <jarDirectory url="file://$USER_HOME$/IdeaProjects/Artifacts/Libs/mockito" recursive="false" />
    <jarDirectory url="file://$USER_HOME$/IdeaProjects/Artifacts/Libs/mockito" recursive="false" type="SOURCES" />
  </library>
</component>