<component name="libraryTable">
  <library name="junit">
    <CLASSES>
      <root url="jar://$USER_HOME$/IdeaProjects/Artifacts/Libs/junit-4.10.jar!/" />
      <root url="jar://$USER_HOME$/IdeaProjects/Artifacts/Libs/hamcrest-core-1.3.jar!/" />
    </CLASSES>
    <JAVADOC />
    <SOURCES />
  </library>
</component>